<?xml version="1.0" encoding="UTF-8"?>
<testng-results ignored="0" total="4" passed="4" failed="0" skipped="0">
  <reporter-output>
  </reporter-output>
  <suite started-at="2023-04-06T16:34:33 IST" name="PetSuite" finished-at="2023-04-06T16:34:42 IST" duration-ms="8761">
    <groups>
    </groups>
    <test started-at="2023-04-06T16:34:33 IST" name="PetTests" finished-at="2023-04-06T16:34:42 IST" duration-ms="8761">
      <class name="api.test.UserTests">
        <test-method is-config="true" signature="setup()[pri:0, instance:api.test.UserTests@71a8adcf]" started-at="2023-04-06T16:34:33 IST" name="setup" finished-at="2023-04-06T16:34:34 IST" duration-ms="858" status="PASS">
          <reporter-output>
          </reporter-output>
        </test-method> <!-- setup -->
        <test-method signature="testPostUser()[pri:1, instance:api.test.UserTests@71a8adcf]" started-at="2023-04-06T16:34:34 IST" name="testPostUser" finished-at="2023-04-06T16:34:37 IST" duration-ms="3027" status="PASS">
          <reporter-output>
          </reporter-output>
        </test-method> <!-- testPostUser -->
        <test-method signature="testGetUserByName()[pri:2, instance:api.test.UserTests@71a8adcf]" started-at="2023-04-06T16:34:37 IST" name="testGetUserByName" finished-at="2023-04-06T16:34:38 IST" duration-ms="1150" status="PASS">
          <reporter-output>
          </reporter-output>
        </test-method> <!-- testGetUserByName -->
        <test-method signature="testUpdateUserByName()[pri:3, instance:api.test.UserTests@71a8adcf]" started-at="2023-04-06T16:34:38 IST" name="testUpdateUserByName" finished-at="2023-04-06T16:34:41 IST" duration-ms="2206" status="PASS">
          <reporter-output>
          </reporter-output>
        </test-method> <!-- testUpdateUserByName -->
        <test-method signature="testDeleteUserByName()[pri:4, instance:api.test.UserTests@71a8adcf]" started-at="2023-04-06T16:34:41 IST" name="testDeleteUserByName" finished-at="2023-04-06T16:34:42 IST" duration-ms="1077" status="PASS">
          <reporter-output>
          </reporter-output>
        </test-method> <!-- testDeleteUserByName -->
      </class> <!-- api.test.UserTests -->
    </test> <!-- PetTests -->
  </suite> <!-- PetSuite -->
</testng-results>
