<?xml version="1.0" encoding="UTF-8"?>
<!-- Generated by org.testng.reporters.JUnitXMLReporter -->
<testsuite ignored="0" hostname="DESKTOP-3OF9PN3" failures="0" tests="4" name="PetTests" time="7.766" errors="0" timestamp="2023-04-06T16:54:33 IST">
  <testcase classname="api.test.UserTests" name="testPostUser" time="2.508"/>
  <testcase classname="api.test.UserTests" name="testGetUserByName" time="1.097"/>
  <testcase classname="api.test.UserTests" name="testUpdateUserByName" time="2.249"/>
  <testcase classname="api.test.UserTests" name="testDeleteUserByName" time="1.087"/>
</testsuite> <!-- PetTests -->
